<?xml version="1.0" encoding="UTF-8"?>
<!-- Generated by org.testng.reporters.JUnitXMLReporter -->
<testsuite ignored="5" hostname="Nilesh" failures="0" tests="2" name="Default test" time="18.282" errors="0" timestamp="2022-11-11T13:51:55 IST">
  <testcase classname="TestClass.InventoryPageTest" name="FaceBookLogoTest" time="0.516"/>
  <testcase classname="TestClass.InventoryPageTest" name="LinkdinlogoTest" time="0.426"/>
  <testcase classname="TestClass.InventoryPageTest" name="add6ProductTest" time="0.0">
    <ignored/>
  </testcase> <!-- add6ProductTest -->
  <testcase classname="TestClass.InventoryPageTest" name="verifyBigLogoTest" time="0.0">
    <ignored/>
  </testcase> <!-- verifyBigLogoTest -->
  <testcase classname="TestClass.InventoryPageTest" name="cart1Test" time="0.0">
    <ignored/>
  </testcase> <!-- cart1Test -->
  <testcase classname="TestClass.InventoryPageTest" name="verifySmalllogo1Test" time="0.0">
    <ignored/>
  </testcase> <!-- verifySmalllogo1Test -->
  <testcase classname="TestClass.InventoryPageTest" name="TweeterLogoTest" time="0.0">
    <ignored/>
  </testcase> <!-- TweeterLogoTest -->
</testsuite> <!-- Default test -->
