<?xml version="1.0" encoding="UTF-8"?>
<!-- Generated by org.testng.reporters.JUnitXMLReporter -->
<testsuite ignored="5" hostname="Nilesh" failures="0" tests="14" name="Test" time="277.148" errors="0" timestamp="2022-11-10T13:17:12 IST">
  <testcase classname="TestClass.CartPage3Test" name="LinkdinlogoTest" time="0.036"/>
  <testcase classname="TestClass.CartPage3Test" name="LinkdinlogoTest" time="0.031"/>
  <testcase classname="TestClass.CartPage3Test" name="LinkdinlogoTest" time="0.032"/>
  <testcase classname="TestClass.CartPage3Test" name="LinkdinlogoTest" time="0.021"/>
  <testcase classname="TestClass.CartPage3Test" name="LinkdinlogoTest" time="0.034"/>
  <testcase classname="TestClass.CheckOutP5Test" name="finbtnTest" time="0.047"/>
  <testcase classname="TestClass.CheckOutP5Test" name="itemTest" time="0.023"/>
  <testcase classname="TestClass.CheckOutP5Test" name="payinfoTest" time="0.018"/>
  <testcase classname="TestClass.CheckOutP5Test" name="payiswascardnfoTest" time="0.026"/>
  <testcase classname="TestClass.CheckOutP5Test" name="ponyTest" time="0.018"/>
  <testcase classname="TestClass.CheckOutP5Test" name="qtydiTest" time="0.018"/>
  <testcase classname="TestClass.CheckOutP5Test" name="taxTestTest" time="0.023"/>
  <testcase classname="TestClass.CheckOutP5Test" name="verifycurrentUrlTest" time="0.004"/>
  <testcase classname="TestClass.CheckOutP5Test" name="verifylebel1checkTest" time="0.026"/>
  <testcase classname="TestClass.CartPage3Test" name="FaceBookLogoTest" time="0.0">
    <ignored/>
  </testcase> <!-- FaceBookLogoTest -->
  <testcase classname="TestClass.CartPage3Test" name="verifySmalllogo1Test" time="0.0">
    <ignored/>
  </testcase> <!-- verifySmalllogo1Test -->
  <testcase classname="TestClass.CartPage3Test" name="verifybiglogoTest" time="0.0">
    <ignored/>
  </testcase> <!-- verifybiglogoTest -->
  <testcase classname="TestClass.CartPage3Test" name="TweeterLogoTest" time="0.0">
    <ignored/>
  </testcase> <!-- TweeterLogoTest -->
  <testcase classname="TestClass.CartPage3Test" name="checkoutTest" time="0.0">
    <ignored/>
  </testcase> <!-- checkoutTest -->
</testsuite> <!-- Test -->
