<?xml version="1.0" encoding="UTF-8"?>
<!-- Generated by org.testng.reporters.JUnitXMLReporter -->
<testsuite ignored="6" hostname="Nilesh" failures="1" tests="1" name="Default test(failed)(failed)" time="22.74" errors="0" timestamp="2022-10-20T14:51:57 IST">
  <testcase classname="TestClass.FailDemo" name="biglogoTest" time="0.041">
    <failure type="java.lang.AssertionError" message="expected [true] but found [false]">
      <![CDATA[java.lang.AssertionError: expected [true] but found [false]
at TestClass.FailDemo.biglogoTest(FailDemo.java:82)
at java.base/java.util.ArrayList.forEach(ArrayList.java:1541)
... Removed 33 stack frames]]>
    </failure>
  </testcase> <!-- biglogoTest -->
  <testcase classname="TestClass.FailDemo" name="headerTest" time="0.0">
    <ignored/>
  </testcase> <!-- headerTest -->
  <testcase classname="TestClass.FailDemo" name="finbtnTest" time="0.0">
    <ignored/>
  </testcase> <!-- finbtnTest -->
  <testcase classname="TestClass.FailDemo" name="checklabelTest" time="0.0">
    <ignored/>
  </testcase> <!-- checklabelTest -->
  <testcase classname="TestClass.FailDemo" name="currenturlTest" time="0.0">
    <ignored/>
  </testcase> <!-- currenturlTest -->
  <testcase classname="TestClass.FailDemo" name="textlabelTest" time="0.0">
    <ignored/>
  </testcase> <!-- textlabelTest -->
  <testcase classname="TestClass.FailDemo" name="smalllogoTest" time="0.0">
    <ignored/>
  </testcase> <!-- smalllogoTest -->
</testsuite> <!-- Default test(failed)(failed) -->
