<?xml version="1.0" encoding="UTF-8"?>
<testng-results ignored="5" total="7" passed="2" failed="0" skipped="0">
  <reporter-output>
  </reporter-output>
  <suite started-at="2022-11-11T13:51:36 IST" name="Default suite" finished-at="2022-11-11T13:51:55 IST" duration-ms="18282">
    <groups>
    </groups>
    <test started-at="2022-11-11T13:51:36 IST" name="Default test" finished-at="2022-11-11T13:51:55 IST" duration-ms="18282">
      <class name="TestClass.InventoryPageTest">
        <test-method is-config="true" signature="setup()[pri:0, instance:TestClass.InventoryPageTest@6392827e]" started-at="2022-11-11T13:51:36 IST" name="setup" finished-at="2022-11-11T13:51:48 IST" duration-ms="12146" status="PASS">
          <reporter-output>
          </reporter-output>
        </test-method> <!-- setup -->
        <test-method signature="FaceBookLogoTest()[pri:0, instance:TestClass.InventoryPageTest@6392827e]" started-at="2022-11-11T13:51:48 IST" name="FaceBookLogoTest" finished-at="2022-11-11T13:51:49 IST" duration-ms="516" status="PASS">
          <reporter-output>
          </reporter-output>
        </test-method> <!-- FaceBookLogoTest -->
        <test-method is-config="true" signature="closeBrowser()[pri:0, instance:TestClass.InventoryPageTest@6392827e]" started-at="2022-11-11T13:51:49 IST" name="closeBrowser" finished-at="2022-11-11T13:51:49 IST" duration-ms="253" status="PASS">
          <reporter-output>
          </reporter-output>
        </test-method> <!-- closeBrowser -->
        <test-method is-config="true" signature="setup()[pri:0, instance:TestClass.InventoryPageTest@6392827e]" started-at="2022-11-11T13:51:49 IST" name="setup" finished-at="2022-11-11T13:51:53 IST" duration-ms="4209" status="PASS">
          <reporter-output>
          </reporter-output>
        </test-method> <!-- setup -->
        <test-method signature="LinkdinlogoTest()[pri:0, instance:TestClass.InventoryPageTest@6392827e]" started-at="2022-11-11T13:51:53 IST" name="LinkdinlogoTest" finished-at="2022-11-11T13:51:54 IST" depends-on-methods="TestClass.InventoryPageTest.FaceBookLogoTest" duration-ms="426" status="PASS">
          <reporter-output>
          </reporter-output>
        </test-method> <!-- LinkdinlogoTest -->
        <test-method is-config="true" signature="closeBrowser()[pri:0, instance:TestClass.InventoryPageTest@6392827e]" started-at="2022-11-11T13:51:54 IST" name="closeBrowser" finished-at="2022-11-11T13:51:55 IST" duration-ms="670" status="PASS">
          <reporter-output>
          </reporter-output>
        </test-method> <!-- closeBrowser -->
      </class> <!-- TestClass.InventoryPageTest -->
    </test> <!-- Default test -->
  </suite> <!-- Default suite -->
</testng-results>
